<?xml version="1.0" encoding="UTF-8"?>
<!-- Generated by org.testng.reporters.JUnitXMLReporter -->
<testsuite ignored="0" hostname="DESKTOP-QE9SMKC" failures="0" tests="6" name="Surefire test" time="0.077" errors="0" timestamp="2022-03-17T14:34:29 IST">
  <testcase classname="rahulshettyacademy.AppiumTest" name="IOSApps" time="0.006"/>
  <testcase classname="rahulshettyacademy.AppiumTest" name="NativeAppAndroid" time="0.0"/>
  <testcase classname="rahulshettyacademy.RESTAPITest" name="deleteTwitter" time="0.0"/>
  <testcase classname="rahulshettyacademy.RESTAPITest" name="posJira" time="0.0"/>
  <testcase classname="rahulshettyacademy.SeleniumTest" name="BrowserAUtomation" time="0.001"/>
  <testcase classname="rahulshettyacademy.SeleniumTest" name="elementsUi" time="0.0"/>
</testsuite> <!-- Surefire test -->
