<?xml version="1.0" encoding="UTF-8"?>
<testng-results ignored="0" total="6" passed="6" failed="0" skipped="0">
  <reporter-output>
  </reporter-output>
  <suite started-at="2022-03-17T14:34:29 IST" name="Surefire suite" finished-at="2022-03-17T14:34:29 IST" duration-ms="77">
    <groups>
    </groups>
    <test started-at="2022-03-17T14:34:29 IST" name="Surefire test" finished-at="2022-03-17T14:34:29 IST" duration-ms="77">
      <class name="rahulshettyacademy.RESTAPITest">
        <test-method signature="deleteTwitter()[pri:0, instance:rahulshettyacademy.RESTAPITest@6646153]" started-at="2022-03-17T14:34:29 IST" name="deleteTwitter" finished-at="2022-03-17T14:34:29 IST" duration-ms="0" status="PASS">
          <reporter-output>
          </reporter-output>
        </test-method> <!-- deleteTwitter -->
        <test-method signature="posJira()[pri:0, instance:rahulshettyacademy.RESTAPITest@6646153]" started-at="2022-03-17T14:34:29 IST" name="posJira" finished-at="2022-03-17T14:34:29 IST" duration-ms="0" status="PASS">
          <reporter-output>
          </reporter-output>
        </test-method> <!-- posJira -->
      </class> <!-- rahulshettyacademy.RESTAPITest -->
      <class name="rahulshettyacademy.SeleniumTest">
        <test-method signature="BrowserAUtomation()[pri:0, instance:rahulshettyacademy.SeleniumTest@21507a04]" started-at="2022-03-17T14:34:29 IST" name="BrowserAUtomation" finished-at="2022-03-17T14:34:29 IST" duration-ms="1" status="PASS">
          <reporter-output>
          </reporter-output>
        </test-method> <!-- BrowserAUtomation -->
        <test-method signature="elementsUi()[pri:0, instance:rahulshettyacademy.SeleniumTest@21507a04]" started-at="2022-03-17T14:34:29 IST" name="elementsUi" finished-at="2022-03-17T14:34:29 IST" duration-ms="0" status="PASS">
          <reporter-output>
          </reporter-output>
        </test-method> <!-- elementsUi -->
      </class> <!-- rahulshettyacademy.SeleniumTest -->
      <class name="rahulshettyacademy.AppiumTest">
        <test-method signature="IOSApps()[pri:0, instance:rahulshettyacademy.AppiumTest@23282c25]" started-at="2022-03-17T14:34:29 IST" name="IOSApps" finished-at="2022-03-17T14:34:29 IST" duration-ms="6" status="PASS">
          <reporter-output>
          </reporter-output>
        </test-method> <!-- IOSApps -->
        <test-method signature="NativeAppAndroid()[pri:0, instance:rahulshettyacademy.AppiumTest@23282c25]" started-at="2022-03-17T14:34:29 IST" name="NativeAppAndroid" finished-at="2022-03-17T14:34:29 IST" duration-ms="0" status="PASS">
          <reporter-output>
          </reporter-output>
        </test-method> <!-- NativeAppAndroid -->
      </class> <!-- rahulshettyacademy.AppiumTest -->
    </test> <!-- Surefire test -->
  </suite> <!-- Surefire suite -->
</testng-results>
